19:25:43,327 (main) DEBUG [DataNucleus.General] - Using PluginRegistry org.datanucleus.plugin.NonManagedPluginRegistry
19:25:43,387 (main) DEBUG [DataNucleus.General] - Registering bundle org.datanucleus version 3.2.11 at URL file:/Users/roccovalois/.m2/repository/org/datanucleus/datanucleus-core/3.2.11/datanucleus-core-3.2.11.jar.
19:25:43,515 (main) DEBUG [DataNucleus.General] - Loading extension points from plug-in file jar:file:/Users/roccovalois/.m2/repository/org/datanucleus/datanucleus-core/3.2.11/datanucleus-core-3.2.11.jar!/plugin.xml.
19:25:43,610 (main) DEBUG [DataNucleus.General] - Loading extensions from plug-in file jar:file:/Users/roccovalois/.m2/repository/org/datanucleus/datanucleus-core/3.2.11/datanucleus-core-3.2.11.jar!/plugin.xml.
19:25:43,646 (main) DEBUG [DataNucleus.General] - Registering bundle org.datanucleus.store.rdbms version 3.2.10 at URL file:/Users/roccovalois/.m2/repository/org/datanucleus/datanucleus-rdbms/3.2.10/datanucleus-rdbms-3.2.10.jar.
19:25:43,738 (main) DEBUG [DataNucleus.General] - Loading extension points from plug-in file jar:file:/Users/roccovalois/.m2/repository/org/datanucleus/datanucleus-rdbms/3.2.10/datanucleus-rdbms-3.2.10.jar!/plugin.xml.
19:25:43,765 (main) DEBUG [DataNucleus.General] - Loading extensions from plug-in file jar:file:/Users/roccovalois/.m2/repository/org/datanucleus/datanucleus-rdbms/3.2.10/datanucleus-rdbms-3.2.10.jar!/plugin.xml.
19:25:43,783 (main) DEBUG [DataNucleus.General] - Registering bundle org.datanucleus.jdo.query version 3.0.2 at URL file:/Users/roccovalois/.m2/repository/org/datanucleus/datanucleus-jdo-query/3.0.2/datanucleus-jdo-query-3.0.2.jar.
19:25:43,784 (main) DEBUG [DataNucleus.General] - Loading extension points from plug-in file jar:file:/Users/roccovalois/.m2/repository/org/datanucleus/datanucleus-jdo-query/3.0.2/datanucleus-jdo-query-3.0.2.jar!/plugin.xml.
19:25:43,784 (main) DEBUG [DataNucleus.General] - Loading extensions from plug-in file jar:file:/Users/roccovalois/.m2/repository/org/datanucleus/datanucleus-jdo-query/3.0.2/datanucleus-jdo-query-3.0.2.jar!/plugin.xml.
19:25:43,784 (main) DEBUG [DataNucleus.General] - Registering bundle org.datanucleus.store.types.jodatime version 3.2.1 at URL file:/Users/roccovalois/.m2/repository/org/datanucleus/datanucleus-jodatime/3.2.1/datanucleus-jodatime-3.2.1.jar.
19:25:43,787 (main) DEBUG [DataNucleus.General] - Loading extension points from plug-in file jar:file:/Users/roccovalois/.m2/repository/org/datanucleus/datanucleus-jodatime/3.2.1/datanucleus-jodatime-3.2.1.jar!/plugin.xml.
19:25:43,789 (main) DEBUG [DataNucleus.General] - Loading extensions from plug-in file jar:file:/Users/roccovalois/.m2/repository/org/datanucleus/datanucleus-jodatime/3.2.1/datanucleus-jodatime-3.2.1.jar!/plugin.xml.
19:25:43,790 (main) DEBUG [DataNucleus.General] - Registering bundle org.sonatype.inject version 2.3.0 at URL file:/Users/roccovalois/.m2/repository/org/sonatype/sisu/sisu-inject-bean/2.3.0/sisu-inject-bean-2.3.0.jar.
19:25:43,790 (main) DEBUG [DataNucleus.General] - Loading extension points from plug-in file jar:file:/Users/roccovalois/.m2/repository/org/sonatype/sisu/sisu-inject-bean/2.3.0/sisu-inject-bean-2.3.0.jar!/plugin.xml.
19:25:43,791 (main) DEBUG [DataNucleus.General] - Loading extensions from plug-in file jar:file:/Users/roccovalois/.m2/repository/org/sonatype/sisu/sisu-inject-bean/2.3.0/sisu-inject-bean-2.3.0.jar!/plugin.xml.
19:25:43,791 (main) DEBUG [DataNucleus.General] - Registering bundle org.datanucleus.api.jdo version 3.2.7 at URL file:/Users/roccovalois/.m2/repository/org/datanucleus/datanucleus-api-jdo/3.2.7/datanucleus-api-jdo-3.2.7.jar.
19:25:43,796 (main) DEBUG [DataNucleus.General] - Loading extension points from plug-in file jar:file:/Users/roccovalois/.m2/repository/org/datanucleus/datanucleus-api-jdo/3.2.7/datanucleus-api-jdo-3.2.7.jar!/plugin.xml.
19:25:43,799 (main) DEBUG [DataNucleus.General] - Loading extensions from plug-in file jar:file:/Users/roccovalois/.m2/repository/org/datanucleus/datanucleus-api-jdo/3.2.7/datanucleus-api-jdo-3.2.7.jar!/plugin.xml.
19:25:43,825 (main) DEBUG [DataNucleus.Persistence] - Tipos de Java inicializando ...
19:25:43,829 (main) DEBUG [DataNucleus.Persistence] - Not enabling java type support for javax.time.calendar.LocalDate : java type not present in CLASSPATH
19:25:43,829 (main) DEBUG [DataNucleus.Persistence] - Not enabling java type support for javax.time.calendar.LocalDateTime : java type not present in CLASSPATH
19:25:43,829 (main) DEBUG [DataNucleus.Persistence] - Not enabling java type support for javax.time.calendar.LocalTime : java type not present in CLASSPATH
19:25:43,884 (main) DEBUG [DataNucleus.Persistence] - Soporte para tipos de Java listo : tipos soportados = java.util.TimeZone, org.joda.time.DateTime, [Ljava.lang.Byte;, [Ljava.lang.Integer;, java.util.SortedMap, char, java.lang.Boolean, [Ljava.lang.Boolean;, java.lang.Long, java.sql.Timestamp, org.joda.time.Duration, [Ljava.lang.Double;, long, java.lang.Float, float, java.util.BitSet, java.util.Stack, java.math.BigInteger, java.lang.Double, java.util.Vector, byte, java.util.Locale, java.lang.Class, [Ljava.lang.Long;, java.sql.Time, boolean, [Ljava.lang.Short;, java.util.LinkedList, java.util.PriorityQueue, [Ljava.lang.Enum;, int, java.util.List, java.util.TreeMap, java.lang.Integer, java.lang.Short, double, java.lang.Number, java.util.LinkedHashMap, java.sql.Date, [Ljava.util.Locale;, java.util.Arrays$ArrayList, org.joda.time.LocalDate, java.lang.Byte, java.util.UUID, [Ljava.lang.String;, [Ljava.util.Date;, java.util.Currency, java.util.Properties, java.util.Calendar, java.util.Map, java.awt.Color, org.joda.time.Period, java.lang.StringBuilder, org.joda.time.LocalTime, java.util.HashMap, [Ljava.lang.Character;, short, java.util.GregorianCalendar, java.util.TreeSet, java.lang.Character, java.util.SortedSet, java.util.Set, java.util.Collection, java.util.ArrayList, java.lang.StringBuffer, [Ljava.math.BigDecimal;, [B, java.util.Hashtable, [F, java.lang.String, java.net.URI, [C, java.awt.image.BufferedImage, [D, java.util.Date, [I, [J, [Ljava.lang.Number;, [Ljava.lang.Float;, [Ljava.math.BigInteger;, java.net.URL, java.util.HashSet, java.math.BigDecimal, org.joda.time.Interval, [S, [Z, java.util.Queue, java.lang.Enum, java.util.LinkedHashSet
19:25:43,885 (main) DEBUG [DataNucleus.Persistence] - Inicializando TypeConverters ...
19:25:43,886 (main) DEBUG [DataNucleus.Persistence] - Added converter for java.math.BigDecimal<->java.lang.String using org.datanucleus.store.types.converters.BigDecimalStringConverter
19:25:43,886 (main) DEBUG [DataNucleus.Persistence] - Added converter for java.math.BigInteger<->java.lang.String using org.datanucleus.store.types.converters.BigIntegerStringConverter
19:25:43,887 (main) DEBUG [DataNucleus.Persistence] - Added converter for java.util.BitSet<->java.lang.String using org.datanucleus.store.types.converters.BitSetStringConverter
19:25:43,888 (main) DEBUG [DataNucleus.Persistence] - Added converter for java.util.Calendar<->java.lang.String using org.datanucleus.store.types.converters.CalendarStringConverter
19:25:43,888 (main) DEBUG [DataNucleus.Persistence] - Added converter for java.lang.Class<->java.lang.String using org.datanucleus.store.types.converters.ClassStringConverter
19:25:43,889 (main) DEBUG [DataNucleus.Persistence] - Added converter for java.awt.Color<->java.lang.String using org.datanucleus.store.types.converters.ColorStringConverter
19:25:43,889 (main) DEBUG [DataNucleus.Persistence] - Added converter for java.lang.Integer<->java.lang.String using org.datanucleus.store.types.converters.IntegerStringConverter
19:25:43,890 (main) DEBUG [DataNucleus.Persistence] - Added converter for java.lang.Long<->java.lang.String using org.datanucleus.store.types.converters.LongStringConverter
19:25:43,890 (main) DEBUG [DataNucleus.Persistence] - Added converter for java.util.Currency<->java.lang.String using org.datanucleus.store.types.converters.CurrencyStringConverter
19:25:43,892 (main) DEBUG [DataNucleus.Persistence] - Added converter for java.util.Date<->java.lang.Long using org.datanucleus.store.types.converters.DateLongConverter
19:25:43,893 (main) DEBUG [DataNucleus.Persistence] - Added converter for java.util.Date<->java.lang.String using org.datanucleus.store.types.converters.DateStringConverter
19:25:43,893 (main) DEBUG [DataNucleus.Persistence] - Added converter for java.util.Locale<->java.lang.String using org.datanucleus.store.types.converters.LocaleStringConverter
19:25:43,894 (main) DEBUG [DataNucleus.Persistence] - Added converter for java.sql.Date<->java.lang.Long using org.datanucleus.store.types.converters.SqlDateLongConverter
19:25:43,894 (main) DEBUG [DataNucleus.Persistence] - Added converter for java.sql.Date<->java.lang.String using org.datanucleus.store.types.converters.SqlDateStringConverter
19:25:43,894 (main) DEBUG [DataNucleus.Persistence] - Added converter for java.sql.Time<->java.lang.Long using org.datanucleus.store.types.converters.SqlTimeLongConverter
19:25:43,895 (main) DEBUG [DataNucleus.Persistence] - Added converter for java.sql.Time<->java.lang.String using org.datanucleus.store.types.converters.SqlTimeStringConverter
19:25:43,895 (main) DEBUG [DataNucleus.Persistence] - Added converter for java.sql.Timestamp<->java.lang.Long using org.datanucleus.store.types.converters.SqlTimestampLongConverter
19:25:43,896 (main) DEBUG [DataNucleus.Persistence] - Added converter for java.lang.StringBuffer<->java.lang.String using org.datanucleus.store.types.converters.StringBufferStringConverter
19:25:43,896 (main) DEBUG [DataNucleus.Persistence] - Added converter for java.lang.StringBuilder<->java.lang.String using org.datanucleus.store.types.converters.StringBuilderStringConverter
19:25:43,896 (main) DEBUG [DataNucleus.Persistence] - Added converter for java.util.TimeZone<->java.lang.String using org.datanucleus.store.types.converters.TimeZoneStringConverter
19:25:43,897 (main) DEBUG [DataNucleus.Persistence] - Added converter for java.net.URI<->java.lang.String using org.datanucleus.store.types.converters.URIStringConverter
19:25:43,897 (main) DEBUG [DataNucleus.Persistence] - Added converter for java.net.URL<->java.lang.String using org.datanucleus.store.types.converters.URLStringConverter
19:25:43,898 (main) DEBUG [DataNucleus.Persistence] - Added converter for java.util.UUID<->java.lang.String using org.datanucleus.store.types.converters.UUIDStringConverter
19:25:43,903 (main) DEBUG [DataNucleus.Persistence] - TypeConverter for javax.time.calendar.LocalDate<->java.lang.String ignored since java type not present in CLASSPATH
19:25:43,905 (main) DEBUG [DataNucleus.Persistence] - TypeConverter for javax.time.calendar.LocalTime<->java.lang.String ignored since java type not present in CLASSPATH
19:25:43,907 (main) DEBUG [DataNucleus.Persistence] - TypeConverter for javax.time.calendar.LocalTime<->java.lang.Long ignored since java type not present in CLASSPATH
19:25:43,907 (main) DEBUG [DataNucleus.Persistence] - TypeConverter for javax.time.calendar.LocalDateTime<->java.lang.String ignored since java type not present in CLASSPATH
19:25:43,909 (main) DEBUG [DataNucleus.Persistence] - Added converter for java.io.Serializable<->java.lang.String using org.datanucleus.store.types.converters.SerializableStringConverter
19:25:43,909 (main) DEBUG [DataNucleus.Persistence] - Added converter for java.io.Serializable<->[B using org.datanucleus.store.types.converters.SerializableByteArrayConverter
19:25:43,910 (main) DEBUG [DataNucleus.Persistence] - Added converter for org.joda.time.DateTime<->java.lang.String using org.datanucleus.store.types.converters.JodaDateTimeStringConverter
19:25:43,911 (main) DEBUG [DataNucleus.Persistence] - Added converter for org.joda.time.Duration<->java.lang.String using org.datanucleus.store.types.converters.JodaDurationStringConverter
19:25:43,911 (main) DEBUG [DataNucleus.Persistence] - Added converter for org.joda.time.Interval<->java.lang.String using org.datanucleus.store.types.converters.JodaIntervalStringConverter
19:25:43,912 (main) DEBUG [DataNucleus.Persistence] - Added converter for org.joda.time.LocalDate<->java.lang.String using org.datanucleus.store.types.converters.JodaLocalDateStringConverter
19:25:43,912 (main) DEBUG [DataNucleus.Persistence] - Added converter for org.joda.time.LocalTime<->java.lang.String using org.datanucleus.store.types.converters.JodaLocalTimeStringConverter
19:25:43,913 (main) DEBUG [DataNucleus.Persistence] - Added converter for org.joda.time.Period<->java.lang.String using org.datanucleus.store.types.converters.JodaPeriodStringConverter
19:25:43,913 (main) DEBUG [DataNucleus.Persistence] - TypeConverters listo
19:25:43,913 (main) DEBUG [DataNucleus.MetaData] - MetaDataManager : Input=(XML,Annotations), XML-Validation=false, XML-Suffices=(persistence=*.jdo, orm=orm, query=*.jdoquery), JDO-listener=false
19:25:43,914 (main) INFO  [DataNucleus.Enhancer] - DataNucleus Enhancer (versi•À?n 3.2.11) para el API "JDO" utilisando el JRE "1.6"
19:25:43,915 (main) DEBUG [DataNucleus.Enhancer] - DataNucleus Enhancer : Classpath
19:25:43,916 (main) DEBUG [DataNucleus.Enhancer] - >>  /Users/roccovalois/Desktop/IFES2014/Software/Maven/maven-3.2.1/boot/plexus-classworlds-2.5.1.jar
19:25:43,921 (main) DEBUG [DataNucleus.Enhancer] - Enhancing classes for JRE=1.6 with stackmap-frames=false
19:25:43,940 (main) DEBUG [DataNucleus.MetaData] - MetaData Management : Carga de Metadata de las clases "[dom.simple.QSimpleObject, dom.simple.SimpleObject, dom.simple.SimpleObjects]" ...
19:25:43,964 (main) DEBUG [DataNucleus.MetaData] - No encontramos el MetaData del tipo "jdo" por la clase "dom.simple.QSimpleObject" en /META-INF/package.jdo
19:25:43,964 (main) DEBUG [DataNucleus.MetaData] - No encontramos el MetaData del tipo "jdo" por la clase "dom.simple.QSimpleObject" en /WEB-INF/package.jdo
19:25:43,965 (main) DEBUG [DataNucleus.MetaData] - No encontramos el MetaData del tipo "jdo" por la clase "dom.simple.QSimpleObject" en /package.jdo
19:25:43,965 (main) DEBUG [DataNucleus.MetaData] - No encontramos el MetaData del tipo "jdo" por la clase "dom.simple.QSimpleObject" en /dom/package.jdo
19:25:43,965 (main) DEBUG [DataNucleus.MetaData] - No encontramos el MetaData del tipo "jdo" por la clase "dom.simple.QSimpleObject" en /dom.jdo
19:25:43,966 (main) DEBUG [DataNucleus.MetaData] - No encontramos el MetaData del tipo "jdo" por la clase "dom.simple.QSimpleObject" en /dom/simple/package.jdo
19:25:43,968 (main) DEBUG [DataNucleus.MetaData] - No encontramos el MetaData del tipo "jdo" por la clase "dom.simple.QSimpleObject" en /dom/simple.jdo
19:25:43,968 (main) DEBUG [DataNucleus.MetaData] - No encontramos el MetaData del tipo "jdo" por la clase "dom.simple.QSimpleObject" en /dom/simple/QSimpleObject.jdo
19:25:43,968 (main) DEBUG [DataNucleus.MetaData] - No hemos encontrado el MetaData del tipo "jdo" por la clase "dom.simple.QSimpleObject"
19:25:43,968 (main) DEBUG [DataNucleus.MetaData] - Registrando la clase "dom.simple.QSimpleObject" no tener Meta-Data
19:25:43,969 (main) DEBUG [DataNucleus.MetaData] - La clase "dom.simple.QSimpleObject" no tiene MetaData o annotaciones.
19:25:44,098 (main) DEBUG [DataNucleus.MetaData] - Clase "dom.simple.SimpleObject" tiene anotaciones de JDO y vamos a usarlas.
19:25:44,139 (main) DEBUG [DataNucleus.MetaData] - No encontramos el MetaData del tipo "jdo" por la clase "dom.simple.SimpleObjects" en /META-INF/package.jdo
19:25:44,139 (main) DEBUG [DataNucleus.MetaData] - No encontramos el MetaData del tipo "jdo" por la clase "dom.simple.SimpleObjects" en /WEB-INF/package.jdo
19:25:44,139 (main) DEBUG [DataNucleus.MetaData] - No encontramos el MetaData del tipo "jdo" por la clase "dom.simple.SimpleObjects" en /package.jdo
19:25:44,140 (main) DEBUG [DataNucleus.MetaData] - No encontramos el MetaData del tipo "jdo" por la clase "dom.simple.SimpleObjects" en /dom/package.jdo
19:25:44,140 (main) DEBUG [DataNucleus.MetaData] - No encontramos el MetaData del tipo "jdo" por la clase "dom.simple.SimpleObjects" en /dom.jdo
19:25:44,140 (main) DEBUG [DataNucleus.MetaData] - No encontramos el MetaData del tipo "jdo" por la clase "dom.simple.SimpleObjects" en /dom/simple/package.jdo
19:25:44,140 (main) DEBUG [DataNucleus.MetaData] - No encontramos el MetaData del tipo "jdo" por la clase "dom.simple.SimpleObjects" en /dom/simple.jdo
19:25:44,141 (main) DEBUG [DataNucleus.MetaData] - No encontramos el MetaData del tipo "jdo" por la clase "dom.simple.SimpleObjects" en /dom/simple/SimpleObjects.jdo
19:25:44,141 (main) DEBUG [DataNucleus.MetaData] - No hemos encontrado el MetaData del tipo "jdo" por la clase "dom.simple.SimpleObjects"
19:25:44,141 (main) DEBUG [DataNucleus.MetaData] - Registrando la clase "dom.simple.SimpleObjects" no tener Meta-Data
19:25:44,141 (main) DEBUG [DataNucleus.MetaData] - La clase "dom.simple.SimpleObjects" no tiene MetaData o annotaciones.
19:25:44,141 (main) DEBUG [DataNucleus.MetaData] - Populaci•À?n del MetaData ...
19:25:44,142 (main) DEBUG [DataNucleus.MetaData] - Clase "dom.simple.SimpleObject" : Populando Meta-Data
19:25:44,142 (main) DEBUG [DataNucleus.MetaData] - Clase "dom.simple.SimpleObject" campo "container" : a•À?adiendo el Meta-Data por el campo como no estaba en la definici•À?n de Meta-Data.
19:25:44,151 (main) DEBUG [DataNucleus.MetaData] - No encontramos el MetaData del tipo "jdo" por la clase "org.apache.isis.applib.DomainObjectContainer" en /META-INF/package.jdo
19:25:44,151 (main) DEBUG [DataNucleus.MetaData] - No encontramos el MetaData del tipo "jdo" por la clase "org.apache.isis.applib.DomainObjectContainer" en /WEB-INF/package.jdo
19:25:44,151 (main) DEBUG [DataNucleus.MetaData] - No encontramos el MetaData del tipo "jdo" por la clase "org.apache.isis.applib.DomainObjectContainer" en /package.jdo
19:25:44,152 (main) DEBUG [DataNucleus.MetaData] - No encontramos el MetaData del tipo "jdo" por la clase "org.apache.isis.applib.DomainObjectContainer" en /org/package.jdo
19:25:44,152 (main) DEBUG [DataNucleus.MetaData] - No encontramos el MetaData del tipo "jdo" por la clase "org.apache.isis.applib.DomainObjectContainer" en /org.jdo
19:25:44,152 (main) DEBUG [DataNucleus.MetaData] - No encontramos el MetaData del tipo "jdo" por la clase "org.apache.isis.applib.DomainObjectContainer" en /org/apache/package.jdo
19:25:44,152 (main) DEBUG [DataNucleus.MetaData] - No encontramos el MetaData del tipo "jdo" por la clase "org.apache.isis.applib.DomainObjectContainer" en /org/apache.jdo
19:25:44,152 (main) DEBUG [DataNucleus.MetaData] - No encontramos el MetaData del tipo "jdo" por la clase "org.apache.isis.applib.DomainObjectContainer" en /org/apache/isis/package.jdo
19:25:44,170 (main) DEBUG [DataNucleus.MetaData] - No encontramos el MetaData del tipo "jdo" por la clase "org.apache.isis.applib.DomainObjectContainer" en /org/apache/isis.jdo
19:25:44,171 (main) DEBUG [DataNucleus.MetaData] - No encontramos el MetaData del tipo "jdo" por la clase "org.apache.isis.applib.DomainObjectContainer" en /org/apache/isis/applib/package.jdo
19:25:44,172 (main) DEBUG [DataNucleus.MetaData] - No encontramos el MetaData del tipo "jdo" por la clase "org.apache.isis.applib.DomainObjectContainer" en /org/apache/isis/applib.jdo
19:25:44,173 (main) DEBUG [DataNucleus.MetaData] - No encontramos el MetaData del tipo "jdo" por la clase "org.apache.isis.applib.DomainObjectContainer" en /org/apache/isis/applib/DomainObjectContainer.jdo
19:25:44,173 (main) DEBUG [DataNucleus.MetaData] - No hemos encontrado el MetaData del tipo "jdo" por la clase "org.apache.isis.applib.DomainObjectContainer"
19:25:44,173 (main) DEBUG [DataNucleus.MetaData] - Registrando la clase "org.apache.isis.applib.DomainObjectContainer" no tener Meta-Data
19:25:44,174 (main) DEBUG [DataNucleus.MetaData] - Inicialisaci•À?n del MetaData ...
19:25:44,179 (main) DEBUG [DataNucleus.MetaData] - Clase "dom.simple.SimpleObject" : Inicializando Meta-Data
19:25:44,180 (main) DEBUG [DataNucleus.MetaData] - MetaData Management : Carga de Metadata ya ha terminado
19:25:44,215 (main) DEBUG [DataNucleus.Enhancer] - Enhance de la clase "dom.simple.SimpleObject" empezando ...
19:25:44,249 (main) DEBUG [DataNucleus.Enhancer] - La clase "dom.simple.SimpleObject" no implementa el interfaz "javax.jdo.spi.PersistenceCapable"!
19:25:44,249 (main) DEBUG [DataNucleus.Enhancer] - La clase "dom.simple.SimpleObject" no tiene el campo "jdoInheritedFieldCount" pero lo necesita
19:25:44,249 (main) DEBUG [DataNucleus.Enhancer] - La clase "dom.simple.SimpleObject" no tiene el campo "jdoFieldNames" pero lo necesita
19:25:44,249 (main) DEBUG [DataNucleus.Enhancer] - La clase "dom.simple.SimpleObject" no tiene el campo "jdoPersistenceCapableSuperclass" pero lo necesita
19:25:44,250 (main) DEBUG [DataNucleus.Enhancer] - La clase "dom.simple.SimpleObject" no tiene el campo "jdoFieldTypes" pero lo necesita
19:25:44,250 (main) DEBUG [DataNucleus.Enhancer] - La clase "dom.simple.SimpleObject" no tiene el campo "jdoStateManager" pero lo necesita
19:25:44,250 (main) DEBUG [DataNucleus.Enhancer] - La clase "dom.simple.SimpleObject" no tiene el campo "jdoFieldFlags" pero lo necesita
19:25:44,250 (main) DEBUG [DataNucleus.Enhancer] - La clase "dom.simple.SimpleObject" no tiene el campo "jdoFlags" pero lo necesita
19:25:44,250 (main) DEBUG [DataNucleus.Enhancer] - La clase "dom.simple.SimpleObject" no tiene el metodo "__jdoGetInheritedFieldCount" pero lo necesita
19:25:44,250 (main) DEBUG [DataNucleus.Enhancer] - La clase "dom.simple.SimpleObject" no tiene el metodo "jdoNewInstance" pero lo necesita
19:25:44,250 (main) DEBUG [DataNucleus.Enhancer] - La clase "dom.simple.SimpleObject" no tiene el metodo "jdoNewInstance" pero lo necesita
19:25:44,250 (main) DEBUG [DataNucleus.Enhancer] - La clase "dom.simple.SimpleObject" no tiene el metodo "jdoIsDirty" pero lo necesita
19:25:44,250 (main) DEBUG [DataNucleus.Enhancer] - La clase "dom.simple.SimpleObject" no tiene el metodo "jdoReplaceField" pero lo necesita
19:25:44,250 (main) DEBUG [DataNucleus.Enhancer] - La clase "dom.simple.SimpleObject" no tiene el metodo "jdoReplaceFields" pero lo necesita
19:25:44,250 (main) DEBUG [DataNucleus.Enhancer] - La clase "dom.simple.SimpleObject" no tiene el metodo "jdoIsPersistent" pero lo necesita
19:25:44,250 (main) DEBUG [DataNucleus.Enhancer] - La clase "dom.simple.SimpleObject" no tiene el metodo "jdoIsNew" pero lo necesita
19:25:44,250 (main) DEBUG [DataNucleus.Enhancer] - La clase "dom.simple.SimpleObject" no tiene el metodo "jdoIsTransactional" pero lo necesita
19:25:44,250 (main) DEBUG [DataNucleus.Enhancer] - La clase "dom.simple.SimpleObject" no tiene el metodo "jdoProvideFields" pero lo necesita
19:25:44,250 (main) DEBUG [DataNucleus.Enhancer] - La clase "dom.simple.SimpleObject" no tiene el metodo "jdoCopyFields" pero lo necesita
19:25:44,250 (main) DEBUG [DataNucleus.Enhancer] - La clase "dom.simple.SimpleObject" no tiene el metodo "jdoCopyKeyFieldsToObjectId" pero lo necesita
19:25:44,251 (main) DEBUG [DataNucleus.Enhancer] - La clase "dom.simple.SimpleObject" no tiene el metodo "jdoCopyKeyFieldsToObjectId" pero lo necesita
19:25:44,251 (main) DEBUG [DataNucleus.Enhancer] - La clase "dom.simple.SimpleObject" no tiene el metodo "jdoGetManagedFieldCount" pero lo necesita
19:25:44,251 (main) DEBUG [DataNucleus.Enhancer] - La clase "dom.simple.SimpleObject" no tiene el metodo "jdoCopyKeyFieldsFromObjectId" pero lo necesita
19:25:44,251 (main) DEBUG [DataNucleus.Enhancer] - La clase "dom.simple.SimpleObject" no tiene el metodo "jdoCopyKeyFieldsFromObjectId" pero lo necesita
19:25:44,251 (main) DEBUG [DataNucleus.Enhancer] - La clase "dom.simple.SimpleObject" no tiene el metodo "jdoReplaceStateManager" pero lo necesita
19:25:44,251 (main) DEBUG [DataNucleus.Enhancer] - La clase "dom.simple.SimpleObject" no tiene el metodo "jdoNewObjectIdInstance" pero lo necesita
19:25:44,251 (main) DEBUG [DataNucleus.Enhancer] - La clase "dom.simple.SimpleObject" no tiene el metodo "jdoNewObjectIdInstance" pero lo necesita
19:25:44,251 (main) DEBUG [DataNucleus.Enhancer] - La clase "dom.simple.SimpleObject" no tiene el metodo "jdoGetTransactionalObjectId" pero lo necesita
19:25:44,251 (main) DEBUG [DataNucleus.Enhancer] - La clase "dom.simple.SimpleObject" no tiene el metodo "jdoGetPersistenceManager" pero lo necesita
19:25:44,251 (main) DEBUG [DataNucleus.Enhancer] - La clase "dom.simple.SimpleObject" no tiene el metodo "jdoMakeDirty" pero lo necesita
19:25:44,251 (main) DEBUG [DataNucleus.Enhancer] - La clase "dom.simple.SimpleObject" no tiene el metodo "__jdoFieldFlagsInit" pero lo necesita
19:25:44,251 (main) DEBUG [DataNucleus.Enhancer] - La clase "dom.simple.SimpleObject" no tiene el metodo "jdoSuperClone" pero lo necesita
19:25:44,251 (main) DEBUG [DataNucleus.Enhancer] - La clase "dom.simple.SimpleObject" no tiene el metodo "__jdoFieldNamesInit" pero lo necesita
19:25:44,251 (main) DEBUG [DataNucleus.Enhancer] - La clase "dom.simple.SimpleObject" no tiene el metodo "jdoProvideField" pero lo necesita
19:25:44,251 (main) DEBUG [DataNucleus.Enhancer] - La clase "dom.simple.SimpleObject" no tiene el metodo "jdoPreSerialize" pero lo necesita
19:25:44,251 (main) DEBUG [DataNucleus.Enhancer] - La clase "dom.simple.SimpleObject" no tiene el metodo "jdoCopyField" pero lo necesita
19:25:44,252 (main) DEBUG [DataNucleus.Enhancer] - La clase "dom.simple.SimpleObject" no tiene el metodo "jdoIsDeleted" pero lo necesita
19:25:44,253 (main) DEBUG [DataNucleus.Enhancer] - La clase "dom.simple.SimpleObject" no tiene el metodo "jdoReplaceFlags" pero lo necesita
19:25:44,253 (main) DEBUG [DataNucleus.Enhancer] - La clase "dom.simple.SimpleObject" no tiene el metodo "jdoGetObjectId" pero lo necesita
19:25:44,253 (main) DEBUG [DataNucleus.Enhancer] - La clase "dom.simple.SimpleObject" no tiene el metodo "jdoIsDetached" pero lo necesita
19:25:44,253 (main) DEBUG [DataNucleus.Enhancer] - La clase "dom.simple.SimpleObject" no tiene el metodo "__jdoPersistenceCapableSuperclassInit" pero lo necesita
19:25:44,253 (main) DEBUG [DataNucleus.Enhancer] - La clase "dom.simple.SimpleObject" no tiene el metodo "___jdo$loadClass" pero lo necesita
19:25:44,253 (main) DEBUG [DataNucleus.Enhancer] - La clase "dom.simple.SimpleObject" no tiene el metodo "__jdoFieldTypesInit" pero lo necesita
19:25:44,253 (main) DEBUG [DataNucleus.Enhancer] - La clase "dom.simple.SimpleObject" no tiene el metodo "jdoGetVersion" pero lo necesita
19:25:44,264 (main) DEBUG [DataNucleus.Enhancer] - Agregando el interfaz: javax.jdo.spi.PersistenceCapable
19:25:44,269 (main) DEBUG [DataNucleus.Enhancer] - Agregando el metodo "java.lang.String jdoGetname()"
19:25:44,271 (main) DEBUG [DataNucleus.Enhancer] - Agregando el metodo "void jdoSetname(class java.lang.String val)"
19:25:44,275 (main) DEBUG [DataNucleus.Enhancer] - Agregando el campo "javax.jdo.spi.StateManager jdoStateManager"
19:25:44,276 (main) DEBUG [DataNucleus.Enhancer] - Agregando el campo "byte jdoFlags"
19:25:44,276 (main) DEBUG [DataNucleus.Enhancer] - Agregando el campo "[B jdoFieldFlags"
19:25:44,276 (main) DEBUG [DataNucleus.Enhancer] - Agregando el campo "java.lang.Class jdoPersistenceCapableSuperclass"
19:25:44,276 (main) DEBUG [DataNucleus.Enhancer] - Agregando el campo "[Ljava.lang.Class; jdoFieldTypes"
19:25:44,276 (main) DEBUG [DataNucleus.Enhancer] - Agregando el campo "[Ljava.lang.String; jdoFieldNames"
19:25:44,276 (main) DEBUG [DataNucleus.Enhancer] - Agregando el campo "int jdoInheritedFieldCount"
19:25:44,277 (main) DEBUG [DataNucleus.Enhancer] - Agregando el metodo "void <clinit>()"
19:25:44,278 (main) DEBUG [DataNucleus.Enhancer] - Agregando el metodo "void jdoCopyKeyFieldsFromObjectId(interface javax.jdo.spi.PersistenceCapable$ObjectIdFieldConsumer fc, class java.lang.Object oid)"
19:25:44,278 (main) DEBUG [DataNucleus.Enhancer] - Agregando el metodo "void jdoCopyKeyFieldsFromObjectId(class java.lang.Object oid)"
19:25:44,278 (main) DEBUG [DataNucleus.Enhancer] - Agregando el metodo "void jdoCopyKeyFieldsToObjectId(class java.lang.Object oid)"
19:25:44,278 (main) DEBUG [DataNucleus.Enhancer] - Agregando el metodo "void jdoCopyKeyFieldsToObjectId(interface javax.jdo.spi.PersistenceCapable$ObjectIdFieldSupplier fs, class java.lang.Object oid)"
19:25:44,278 (main) DEBUG [DataNucleus.Enhancer] - Agregando el metodo "java.lang.Object jdoGetObjectId()"
19:25:44,278 (main) DEBUG [DataNucleus.Enhancer] - Agregando el metodo "java.lang.Object jdoGetVersion()"
19:25:44,279 (main) DEBUG [DataNucleus.Enhancer] - Agregando el metodo "void jdoPreSerialize()"
19:25:44,279 (main) DEBUG [DataNucleus.Enhancer] - Agregando el metodo "javax.jdo.PersistenceManager jdoGetPersistenceManager()"
19:25:44,279 (main) DEBUG [DataNucleus.Enhancer] - Agregando el metodo "java.lang.Object jdoGetTransactionalObjectId()"
19:25:44,279 (main) DEBUG [DataNucleus.Enhancer] - Agregando el metodo "boolean jdoIsDeleted()"
19:25:44,279 (main) DEBUG [DataNucleus.Enhancer] - Agregando el metodo "boolean jdoIsDirty()"
19:25:44,279 (main) DEBUG [DataNucleus.Enhancer] - Agregando el metodo "boolean jdoIsNew()"
19:25:44,280 (main) DEBUG [DataNucleus.Enhancer] - Agregando el metodo "boolean jdoIsPersistent()"
19:25:44,280 (main) DEBUG [DataNucleus.Enhancer] - Agregando el metodo "boolean jdoIsTransactional()"
19:25:44,280 (main) DEBUG [DataNucleus.Enhancer] - Agregando el metodo "void jdoMakeDirty(class java.lang.String fieldName)"
19:25:44,280 (main) DEBUG [DataNucleus.Enhancer] - Agregando el metodo "java.lang.Object jdoNewObjectIdInstance()"
19:25:44,280 (main) DEBUG [DataNucleus.Enhancer] - Agregando el metodo "java.lang.Object jdoNewObjectIdInstance(class java.lang.Object key)"
19:25:44,280 (main) DEBUG [DataNucleus.Enhancer] - Agregando el metodo "void jdoProvideFields(class [I indices)"
19:25:44,281 (main) DEBUG [DataNucleus.Enhancer] - Agregando el metodo "void jdoReplaceFields(class [I indices)"
19:25:44,281 (main) DEBUG [DataNucleus.Enhancer] - Agregando el metodo "void jdoReplaceFlags()"
19:25:44,281 (main) DEBUG [DataNucleus.Enhancer] - Agregando el metodo "void jdoReplaceStateManager(interface javax.jdo.spi.StateManager sm)"
19:25:44,281 (main) DEBUG [DataNucleus.Enhancer] - Agregando el metodo "boolean jdoIsDetached()"
19:25:44,281 (main) DEBUG [DataNucleus.Enhancer] - Agregando el metodo "javax.jdo.spi.PersistenceCapable jdoNewInstance(interface javax.jdo.spi.StateManager sm)"
19:25:44,282 (main) DEBUG [DataNucleus.Enhancer] - Agregando el metodo "javax.jdo.spi.PersistenceCapable jdoNewInstance(interface javax.jdo.spi.StateManager sm, class java.lang.Object obj)"
19:25:44,282 (main) DEBUG [DataNucleus.Enhancer] - Agregando el metodo "void jdoReplaceField(int index)"
19:25:44,282 (main) DEBUG [DataNucleus.Enhancer] - Agregando el metodo "void jdoProvideField(int index)"
19:25:44,282 (main) DEBUG [DataNucleus.Enhancer] - Agregando el metodo "void jdoCopyField(class dom.simple.SimpleObject obj, int index)"
19:25:44,283 (main) DEBUG [DataNucleus.Enhancer] - Agregando el metodo "void jdoCopyFields(class java.lang.Object obj, class [I indices)"
19:25:44,283 (main) DEBUG [DataNucleus.Enhancer] - Agregando el metodo "[Ljava.lang.String; __jdoFieldNamesInit()"
19:25:44,283 (main) DEBUG [DataNucleus.Enhancer] - Agregando el metodo "[Ljava.lang.Class; __jdoFieldTypesInit()"
19:25:44,283 (main) DEBUG [DataNucleus.Enhancer] - Agregando el metodo "[B __jdoFieldFlagsInit()"
19:25:44,283 (main) DEBUG [DataNucleus.Enhancer] - Agregando el metodo "int __jdoGetInheritedFieldCount()"
19:25:44,283 (main) DEBUG [DataNucleus.Enhancer] - Agregando el metodo "int jdoGetManagedFieldCount()"
19:25:44,283 (main) DEBUG [DataNucleus.Enhancer] - Agregando el metodo "java.lang.Class __jdoPersistenceCapableSuperclassInit()"
19:25:44,284 (main) DEBUG [DataNucleus.Enhancer] - Agregando el metodo "java.lang.Class ___jdo$loadClass(class java.lang.String className)"
19:25:44,284 (main) DEBUG [DataNucleus.Enhancer] - Agregando el metodo "java.lang.Object jdoSuperClone()"
19:25:44,285 (main) INFO  [DataNucleus.Enhancer] - Escribiendo el archivo de clase "/Users/roccovalois/Desktop/IFES2014/Proyecto/nachocartes/myapp/dom/target/classes/dom/simple/SimpleObject.class" con definicion enhanced
19:25:44,285 (main) INFO  [DataNucleus.Enhancer] - ENHANCED (PersistenceCapable) : dom.simple.SimpleObject
19:25:44,285 (main) DEBUG [DataNucleus.Enhancer] - Enhance de la clase "dom.simple.SimpleObject" ha terminado
19:25:44,286 (main) INFO  [DataNucleus.Enhancer] - DataNucleus Enhancer ha terminado con exito para 1 clases. Tiempos : input=260 ms, enhance=104 ms, total=364 ms. Compruebe el LOG para los detalles
